(electron) The default value of app.allowRendererProcessReuse is deprecated, it is currently "false".  It will change to be "true" in Electron 9.  For more information please check https://github.com/electron/electron/issues/18397
Error occurred in handler for 'keychain:get-password': [Error: The name org.freedesktop.secrets was not provided by any .service files]
Error occurred in handler for 'keychain:get-password': [Error: The name org.freedesktop.secrets was not provided by any .service files]
Error occurred in handler for 'keychain:delete-password': [Error: The name org.freedesktop.secrets was not provided by any .service files]
Error occurred in handler for 'keychain:delete-password': [Error: The name org.freedesktop.secrets was not provided by any .service files]
Error occurred in handler for 'keychain:get-password': [Error: The name org.freedesktop.secrets was not provided by any .service files]
Error occurred in handler for 'keychain:delete-password': [Error: The name org.freedesktop.secrets was not provided by any .service files]
Error occurred in handler for 'keychain:delete-password': [Error: The name org.freedesktop.secrets was not provided by any .service files]
Error occurred in handler for 'keychain:get-password': [Error: The name org.freedesktop.secrets was not provided by any .service files]
Error occurred in handler for 'keychain:get-password': [Error: The name org.freedesktop.secrets was not provided by any .service files]
Error occurred in handler for 'keychain:get-password': [Error: The name org.freedesktop.secrets was not provided by any .service files]
Error occurred in handler for 'keychain:get-password': [Error: The name org.freedesktop.secrets was not provided by any .service files]
Error occurred in handler for 'keychain:delete-password': [Error: The name org.freedesktop.secrets was not provided by any .service files]
Error occurred in handler for 'keychain:set-password': [Error: The name org.freedesktop.secrets was not provided by any .service files]
Error occurred in handler for 'keychain:set-password': [Error: The name org.freedesktop.secrets was not provided by any .service files]
Error occurred in handler for 'keychain:delete-password': [Error: The name org.freedesktop.secrets was not provided by any .service files]
Error occurred in handler for 'keychain:delete-password': [Error: The name org.freedesktop.secrets was not provided by any .service files]
Error occurred in handler for 'keychain:get-password': [Error: The name org.freedesktop.secrets was not provided by any .service files]
ioctl failed for wlan0, errno = 19 (No such device)
ioctl failed for wlp2s0, errno = 19 (No such device)
ioctl failed for wlp3s0, errno = 19 (No such device)
ioctl failed for wlp4s0, errno = 19 (No such device)
ioctl failed for wlan0, errno = 19 (No such device)
ioctl failed for wlp2s0, errno = 19 (No such device)
ioctl failed for wlp3s0, errno = 19 (No such device)
ioctl failed for wlp4s0, errno = 19 (No such device)
